Build started 13/10/2018 12:48:33.
     1>Project "D:\Documents\UTY\Semester III\Struktur Data prak\Vs Studio 2010\std pert3 hal20\std pert3 hal20\std pert3 hal20.vcxproj" on node 2 (build target(s)).
     1>InitializeBuildStatus:
         Touching "Debug\std pert3 hal20.unsuccessfulbuild".
       ClCompile:
         c:\Program Files (x86)\Microsoft Visual Studio 10.0\VC\bin\CL.exe /c /ZI /nologo /W3 /WX- /Od /Oy- /D WIN32 /D _DEBUG /D _CONSOLE /D _UNICODE /D UNICODE /Gm /EHsc /RTC1 /MDd /GS /fp:precise /Zc:wchar_t /Zc:forScope /Fo"Debug\\" /Fd"Debug\vc100.pdb" /Gd /TP /analyze- /errorReport:prompt "enumarsi hal 25.cpp"
         enumarsi hal 25.cpp
     1>d:\documents\uty\semester iii\struktur data prak\vs studio 2010\std pert3 hal20\std pert3 hal20\enumarsi hal 25.cpp(12): warning C4996: 'getch': The POSIX name for this item is deprecated. Instead, use the ISO C++ conformant name: _getch. See online help for details.
                 c:\program files (x86)\microsoft visual studio 10.0\vc\include\conio.h(128) : see declaration of 'getch'
     1>d:\documents\uty\semester iii\struktur data prak\vs studio 2010\std pert3 hal20\std pert3 hal20\enumarsi hal 25.cpp(7): warning C4101: 'Bulan' : unreferenced local variable
       ManifestResourceCompile:
         All outputs are up-to-date.
       Link:
         c:\Program Files (x86)\Microsoft Visual Studio 10.0\VC\bin\link.exe /ERRORREPORT:PROMPT /OUT:"D:\Documents\UTY\Semester III\Struktur Data prak\Vs Studio 2010\std pert3 hal20\Debug\std pert3 hal20.exe" /INCREMENTAL /NOLOGO kernel32.lib user32.lib gdi32.lib winspool.lib comdlg32.lib advapi32.lib shell32.lib ole32.lib oleaut32.lib uuid.lib odbc32.lib odbccp32.lib /MANIFEST /ManifestFile:"Debug\std pert3 hal20.exe.intermediate.manifest" /MANIFESTUAC:"level='asInvoker' uiAccess='false'" /DEBUG /PDB:"D:\Documents\UTY\Semester III\Struktur Data prak\Vs Studio 2010\std pert3 hal20\Debug\std pert3 hal20.pdb" /SUBSYSTEM:CONSOLE /TLBID:1 /DYNAMICBASE /NXCOMPAT /IMPLIB:"D:\Documents\UTY\Semester III\Struktur Data prak\Vs Studio 2010\std pert3 hal20\Debug\std pert3 hal20.lib" /MACHINE:X86 "Debug\std pert3 hal20.exe.embed.manifest.res"
         "Debug\enumarsi hal 25.obj"
         "Debug\pointer dalam array.obj"
         "Debug\Array dalam struktur.obj"
         Debug\Union.obj
       Manifest:
         c:\Program Files (x86)\Microsoft SDKs\Windows\v7.0A\bin\mt.exe /nologo /verbose /out:"Debug\std pert3 hal20.exe.embed.manifest" /manifest "Debug\std pert3 hal20.exe.intermediate.manifest"
         All outputs are up-to-date.
       LinkEmbedManifest:
         All outputs are up-to-date.
         std pert3 hal20.vcxproj -> D:\Documents\UTY\Semester III\Struktur Data prak\Vs Studio 2010\std pert3 hal20\Debug\std pert3 hal20.exe
       FinalizeBuildStatus:
         Deleting file "Debug\std pert3 hal20.unsuccessfulbuild".
         Touching "Debug\std pert3 hal20.lastbuildstate".
     1>Done Building Project "D:\Documents\UTY\Semester III\Struktur Data prak\Vs Studio 2010\std pert3 hal20\std pert3 hal20\std pert3 hal20.vcxproj" (build target(s)).

Build succeeded.

Time Elapsed 00:00:02.21
